Traceback (most recent call last):
  File "/home/jks/miniconda3/lib/python3.9/site-packages/jupyter_cache/executors/utils.py", line 51, in single_nb_execution
    executenb(
  File "/home/jks/miniconda3/lib/python3.9/site-packages/nbclient/client.py", line 1204, in execute
    return NotebookClient(nb=nb, resources=resources, km=km, **kwargs).execute()
  File "/home/jks/miniconda3/lib/python3.9/site-packages/nbclient/util.py", line 84, in wrapped
    return just_run(coro(*args, **kwargs))
  File "/home/jks/miniconda3/lib/python3.9/site-packages/nbclient/util.py", line 62, in just_run
    return loop.run_until_complete(coro)
  File "/home/jks/miniconda3/lib/python3.9/asyncio/base_events.py", line 642, in run_until_complete
    return future.result()
  File "/home/jks/miniconda3/lib/python3.9/site-packages/nbclient/client.py", line 663, in async_execute
    await self.async_execute_cell(
  File "/home/jks/miniconda3/lib/python3.9/site-packages/nbclient/client.py", line 965, in async_execute_cell
    await self._check_raise_for_error(cell, cell_index, exec_reply)
  File "/home/jks/miniconda3/lib/python3.9/site-packages/nbclient/client.py", line 862, in _check_raise_for_error
    raise CellExecutionError.from_cell_and_msg(cell, exec_reply_content)
nbclient.exceptions.CellExecutionError: An error occurred while executing the following cell:
------------------
from soprano.properties.labeling import MagresViewLabels

# One can also recreate the Jmol/MagresView-style labels if needed
jmol_labels = MagresViewLabels().get(C2H5O)
print("The labels are {0}".format(', '.join(jmol_labels)))

# (these are created using something like this:)
# jmol_labels = ["{0}_{1}".format(l, i) for l, i in zip(labels, indices)]
------------------

[0;31m---------------------------------------------------------------------------[0m
[0;31mImportError[0m                               Traceback (most recent call last)
Input [0;32mIn [5][0m, in [0;36m<cell line: 1>[0;34m()[0m
[0;32m----> 1[0m [38;5;28;01mfrom[39;00m [38;5;21;01msoprano[39;00m[38;5;21;01m.[39;00m[38;5;21;01mproperties[39;00m[38;5;21;01m.[39;00m[38;5;21;01mlabeling[39;00m [38;5;28;01mimport[39;00m MagresViewLabels
[1;32m      3[0m [38;5;66;03m# One can also recreate the Jmol/MagresView-style labels if needed[39;00m
[1;32m      4[0m jmol_labels [38;5;241m=[39m MagresViewLabels()[38;5;241m.[39mget(C2H5O)

[0;31mImportError[0m: cannot import name 'MagresViewLabels' from 'soprano.properties.labeling' (/home/jks/coding/soprano/soprano/properties/labeling/__init__.py)
ImportError: cannot import name 'MagresViewLabels' from 'soprano.properties.labeling' (/home/jks/coding/soprano/soprano/properties/labeling/__init__.py)

