Traceback (most recent call last):
  File "/home/jks/miniconda3/lib/python3.9/site-packages/jupyter_cache/executors/utils.py", line 58, in single_nb_execution
    executenb(
  File "/home/jks/miniconda3/lib/python3.9/site-packages/nbclient/client.py", line 1204, in execute
    return NotebookClient(nb=nb, resources=resources, km=km, **kwargs).execute()
  File "/home/jks/miniconda3/lib/python3.9/site-packages/nbclient/util.py", line 84, in wrapped
    return just_run(coro(*args, **kwargs))
  File "/home/jks/miniconda3/lib/python3.9/site-packages/nbclient/util.py", line 62, in just_run
    return loop.run_until_complete(coro)
  File "/home/jks/miniconda3/lib/python3.9/asyncio/base_events.py", line 647, in run_until_complete
    return future.result()
  File "/home/jks/miniconda3/lib/python3.9/site-packages/nbclient/client.py", line 663, in async_execute
    await self.async_execute_cell(
  File "/home/jks/miniconda3/lib/python3.9/site-packages/nbclient/client.py", line 965, in async_execute_cell
    await self._check_raise_for_error(cell, cell_index, exec_reply)
  File "/home/jks/miniconda3/lib/python3.9/site-packages/nbclient/client.py", line 862, in _check_raise_for_error
    raise CellExecutionError.from_cell_and_msg(cell, exec_reply_content)
nbclient.exceptions.CellExecutionError: An error occurred while executing the following cell:
------------------
from ase.calculators.lj import LennardJones
from soprano.properties.basic import CalcEnergy

nh3coll.set_calculators(LennardJones) # Creates calculators of the given type for all structures

print("---- NH3 Lennard-Jones energy for all configurations ----\n")
print('\n'.join(['{0}'.format(x) for x in CalcEnergy.get(nh3coll)]), "\n\n")
------------------

[0;31m---------------------------------------------------------------------------[0m
[0;31mModuleNotFoundError[0m                       Traceback (most recent call last)
Cell [0;32mIn [7], line 4[0m
[1;32m      1[0m [38;5;28;01mfrom[39;00m [38;5;21;01mase[39;00m[38;5;21;01m.[39;00m[38;5;21;01mcalculators[39;00m[38;5;21;01m.[39;00m[38;5;21;01mlj[39;00m [38;5;28;01mimport[39;00m LennardJones
[1;32m      2[0m [38;5;28;01mfrom[39;00m [38;5;21;01msoprano[39;00m[38;5;21;01m.[39;00m[38;5;21;01mproperties[39;00m[38;5;21;01m.[39;00m[38;5;21;01mbasic[39;00m [38;5;28;01mimport[39;00m CalcEnergy
[0;32m----> 4[0m [43mnh3coll[49m[38;5;241;43m.[39;49m[43mset_calculators[49m[43m([49m[43mLennardJones[49m[43m)[49m [38;5;66;03m# Creates calculators of the given type for all structures[39;00m
[1;32m      6[0m [38;5;28mprint[39m([38;5;124m"[39m[38;5;124m---- NH3 Lennard-Jones energy for all configurations ----[39m[38;5;130;01m\n[39;00m[38;5;124m"[39m)
[1;32m      7[0m [38;5;28mprint[39m([38;5;124m'[39m[38;5;130;01m\n[39;00m[38;5;124m'[39m[38;5;241m.[39mjoin([[38;5;124m'[39m[38;5;132;01m{0}[39;00m[38;5;124m'[39m[38;5;241m.[39mformat(x) [38;5;28;01mfor[39;00m x [38;5;129;01min[39;00m CalcEnergy[38;5;241m.[39mget(nh3coll)]), [38;5;124m"[39m[38;5;130;01m\n[39;00m[38;5;130;01m\n[39;00m[38;5;124m"[39m)

File [0;32m~/coding/soprano/soprano/collection/collection.py:413[0m, in [0;36mAtomsCollection.set_calculators[0;34m(self, calctype, labels, params)[0m
[1;32m    399[0m [38;5;250m[39m[38;5;124;03m"""Set an ASE calculator on each structure in the collection,[39;00m
[1;32m    400[0m [38;5;124;03mand set said calculator's parameters.[39;00m
[1;32m    401[0m 
[0;32m   (...)[0m
[1;32m    409[0m 
[1;32m    410[0m [38;5;124;03m"""[39;00m
[1;32m    412[0m [38;5;66;03m# First, a check[39;00m
[0;32m--> 413[0m [38;5;28;01mfrom[39;00m [38;5;21;01mase[39;00m[38;5;21;01m.[39;00m[38;5;21;01mcalculators[39;00m[38;5;21;01m.[39;00m[38;5;21;01mgeneral[39;00m [38;5;28;01mimport[39;00m Calculator [38;5;28;01mas[39;00m gCalculator
[1;32m    414[0m [38;5;28;01mfrom[39;00m [38;5;21;01mase[39;00m[38;5;21;01m.[39;00m[38;5;21;01mcalculators[39;00m[38;5;21;01m.[39;00m[38;5;21;01mcalculator[39;00m [38;5;28;01mimport[39;00m Calculator [38;5;28;01mas[39;00m cCalculator
[1;32m    415[0m [38;5;28;01mfrom[39;00m [38;5;21;01mase[39;00m[38;5;21;01m.[39;00m[38;5;21;01mcalculators[39;00m[38;5;21;01m.[39;00m[38;5;21;01mcalculator[39;00m [38;5;28;01mimport[39;00m FileIOCalculator [38;5;28;01mas[39;00m ioCalculator

[0;31mModuleNotFoundError[0m: No module named 'ase.calculators.general'
ModuleNotFoundError: No module named 'ase.calculators.general'

